<?xml version="1.0" encoding="UTF-8"?>
<!-- Generated by org.testng.reporters.JUnitReportReporter -->
<testsuite hostname="LAPTOP-6PI7DEG8" failures="0" tests="4" name="TestNGParellel.Testclass3" time="0.002" errors="0" timestamp="2023-02-21T17:43:54 IST" skipped="0">
  <testcase classname="TestNGParellel.Testclass3" name="testMethod9" time="0.001"/>
  <system-out/>
  <testcase classname="TestNGParellel.Testclass3" name="testMethod11" time="0.000"/>
  <system-out/>
  <testcase classname="TestNGParellel.Testclass3" name="testMethod10" time="0.000"/>
  <system-out/>
  <testcase classname="TestNGParellel.Testclass3" name="testMethod12" time="0.001"/>
  <system-out/>
</testsuite> <!-- TestNGParellel.Testclass3 -->
