<?xml version="1.0" encoding="UTF-8"?>
<!-- Generated by org.testng.reporters.JUnitReportReporter -->
<testsuite hostname="LAPTOP-6PI7DEG8" failures="0" tests="4" name="TestNGParellel.Testclass2" time="0.011" errors="0" timestamp="2023-02-21T17:43:54 IST" skipped="0">
  <testcase classname="TestNGParellel.Testclass2" name="testMethod6" time="0.001"/>
  <system-out/>
  <testcase classname="TestNGParellel.Testclass2" name="testMethod5" time="0.007"/>
  <system-out/>
  <testcase classname="TestNGParellel.Testclass2" name="testMethod8" time="0.002"/>
  <system-out/>
  <testcase classname="TestNGParellel.Testclass2" name="testMethod7" time="0.001"/>
  <system-out/>
</testsuite> <!-- TestNGParellel.Testclass2 -->
