<?xml version="1.0" encoding="UTF-8"?>
<!-- Generated by org.testng.reporters.JUnitReportReporter -->
<testsuite hostname="LAPTOP-6PI7DEG8" failures="0" tests="4" name="TestNG.ParaellTesting" time="0.016" errors="0" timestamp="2023-02-21T15:20:32 IST" skipped="0">
  <testcase classname="TestNG.ParaellTesting" name="testMethod2" time="0.001"/>
  <system-out/>
  <testcase classname="TestNG.ParaellTesting" name="testMethod3" time="0.000"/>
  <system-out/>
  <testcase classname="TestNG.ParaellTesting" name="testMethod1" time="0.012"/>
  <system-out/>
  <testcase classname="TestNG.ParaellTesting" name="testMethod4" time="0.003"/>
  <system-out/>
</testsuite> <!-- TestNG.ParaellTesting -->
