<?xml version="1.0" encoding="UTF-8"?>
<!-- Generated by org.testng.reporters.JUnitReportReporter -->
<testsuite hostname="LAPTOP-6PI7DEG8" failures="0" tests="2" name="CrossBrodemo.Demo1" time="21.363" errors="0" timestamp="2023-02-21T17:35:34 IST" skipped="0">
  <testcase classname="CrossBrodemo.Demo1" name="verifyTitle" time="13.538"/>
  <system-out/>
  <testcase classname="CrossBrodemo.Demo1" name="verifyTitle" time="7.825"/>
  <system-out/>
</testsuite> <!-- CrossBrodemo.Demo1 -->
