<?xml version="1.0" encoding="UTF-8"?>
<!-- Generated by org.testng.reporters.JUnitReportReporter -->
<testsuite hostname="LAPTOP-6PI7DEG8" failures="0" tests="4" name="TestNG.Test456" time="0.015" errors="0" timestamp="2023-02-21T17:29:41 IST" skipped="0">
  <testcase classname="TestNG.Test456" name="testB" time="0.002"/>
  <system-out/>
  <testcase classname="TestNG.Test456" name="testC" time="0.007"/>
  <system-out/>
  <testcase classname="TestNG.Test456" name="testA" time="0.004"/>
  <system-out/>
  <testcase classname="TestNG.Test456" name="testD" time="0.002"/>
  <system-out/>
</testsuite> <!-- TestNG.Test456 -->
