<?xml version="1.0" encoding="UTF-8"?>
<!-- Generated by org.testng.reporters.JUnitReportReporter -->
<testsuite hostname="LAPTOP-6PI7DEG8" failures="0" tests="3" name="TestNG.Test123" time="0.014" errors="0" timestamp="2023-02-21T17:33:37 IST" skipped="0">
  <testcase classname="TestNG.Test123" name="test2" time="0.002"/>
  <system-out/>
  <testcase classname="TestNG.Test123" name="test3" time="0.004"/>
  <system-out/>
  <testcase classname="TestNG.Test123" name="test4" time="0.008"/>
  <system-out/>
</testsuite> <!-- TestNG.Test123 -->
