<?xml version="1.0" encoding="UTF-8"?>
<!-- Generated by org.testng.reporters.JUnitReportReporter -->
<testsuite hostname="LAPTOP-6PI7DEG8" failures="0" tests="2" name="TestNG.DataProviderWithExcel" time="18.633" errors="0" timestamp="2023-02-14T14:37:57 IST" skipped="0">
  <testcase classname="TestNG.DataProviderWithExcel" name="searchkeyWord" time="9.945"/>
  <system-out/>
  <testcase classname="TestNG.DataProviderWithExcel" name="searchkeyWord" time="8.688"/>
  <system-out/>
</testsuite> <!-- TestNG.DataProviderWithExcel -->
